Build started 8/13/2020 3:56:06 PM.
     1>Project "D:\6306021632024\Class6\Class6\Class6.vcxproj" on node 2 (build target(s)).
     1>InitializeBuildStatus:
         Creating "Debug\Class6.unsuccessfulbuild" because "AlwaysCreate" was specified.
       ClCompile:
         C:\Program Files (x86)\Microsoft Visual Studio 10.0\VC\bin\CL.exe /c /ZI /nologo /W3 /WX- /Od /Oy- /D WIN32 /D _DEBUG /D _CONSOLE /D _UNICODE /D UNICODE /Gm /EHsc /RTC1 /MDd /GS /fp:precise /Zc:wchar_t /Zc:forScope /Fo"Debug\\" /Fd"Debug\vc100.pdb" /Gd /TP /analyze- /errorReport:prompt Test2.cpp
         Test2.cpp
       ManifestResourceCompile:
         All outputs are up-to-date.
       Link:
         C:\Program Files (x86)\Microsoft Visual Studio 10.0\VC\bin\link.exe /ERRORREPORT:PROMPT /OUT:"D:\6306021632024\Class6\Debug\Class6.exe" /INCREMENTAL /NOLOGO kernel32.lib user32.lib gdi32.lib winspool.lib comdlg32.lib advapi32.lib shell32.lib ole32.lib oleaut32.lib uuid.lib odbc32.lib odbccp32.lib /MANIFEST /ManifestFile:"Debug\Class6.exe.intermediate.manifest" /MANIFESTUAC:"level='asInvoker' uiAccess='false'" /DEBUG /PDB:"D:\6306021632024\Class6\Debug\Class6.pdb" /SUBSYSTEM:CONSOLE /TLBID:1 /DYNAMICBASE /NXCOMPAT /IMPLIB:"D:\6306021632024\Class6\Debug\Class6.lib" /MACHINE:X86 Debug\Class6.exe.embed.manifest.res
         Debug\Test2.obj
       Manifest:
         C:\Program Files (x86)\Microsoft SDKs\Windows\v7.0A\bin\mt.exe /nologo /verbose /out:"Debug\Class6.exe.embed.manifest" /manifest Debug\Class6.exe.intermediate.manifest
         All outputs are up-to-date.
       LinkEmbedManifest:
         All outputs are up-to-date.
         Class6.vcxproj -> D:\6306021632024\Class6\Debug\Class6.exe
       FinalizeBuildStatus:
         Deleting file "Debug\Class6.unsuccessfulbuild".
         Touching "Debug\Class6.lastbuildstate".
     1>Done Building Project "D:\6306021632024\Class6\Class6\Class6.vcxproj" (build target(s)).

Build succeeded.

Time Elapsed 00:00:00.93
